news/manifest-merger-ndtv-release-report.txt
-- Merging decision tree log ---
manifest
ADDED from AndroidManifest.xml:2:1
	xmlns:android
		ADDED from AndroidManifest.xml:2:11
	package
		ADDED from AndroidManifest.xml:3:5
		INJECTED from AndroidManifest.xml:0:0
		INJECTED from AndroidManifest.xml:0:0
	android:versionName
		INJECTED from AndroidManifest.xml:0:0
		INJECTED from AndroidManifest.xml:0:0
	android:versionCode
		INJECTED from AndroidManifest.xml:0:0
		INJECTED from AndroidManifest.xml:0:0
	android:installLocation
		ADDED from AndroidManifest.xml:4:5
uses-permission#android.permission.INTERNET
ADDED from AndroidManifest.xml:6:5
MERGED from com.crashlytics.sdk.android:crashlytics:2.2.3:9:5
MERGED from com.twitter.sdk.android:tweet-ui:1.1.0:9:5
MERGED from com.twitter.sdk.android:twitter-core:1.3.2:9:5
MERGED from com.twitter.sdk.android:twitter-core:1.3.2:9:5
MERGED from com.twitter.sdk.android:tweet-composer:0.7.3:9:5
MERGED from com.twitter.sdk.android:twitter-core:1.3.2:9:5
MERGED from com.digits.sdk.android:digits:1.4.0:9:5
MERGED from com.twitter.sdk.android:twitter-core:1.3.2:9:5
	android:name
		ADDED from AndroidManifest.xml:6:22
uses-permission#android.permission.READ_PHONE_STATE
ADDED from AndroidManifest.xml:7:5
	android:name
		ADDED from AndroidManifest.xml:7:22
uses-permission#android.permission.WRITE_EXTERNAL_STORAGE
ADDED from AndroidManifest.xml:8:5
	android:name
		ADDED from AndroidManifest.xml:8:22
uses-permission#android.permission.VIBRATE
ADDED from AndroidManifest.xml:9:5
	android:name
		ADDED from AndroidManifest.xml:9:22
uses-permission#android.permission.WAKE_LOCK
ADDED from AndroidManifest.xml:13:5
	android:name
		ADDED from AndroidManifest.xml:13:22
uses-permission#android.permission.GET_ACCOUNTS
ADDED from AndroidManifest.xml:15:5
	android:name
		ADDED from AndroidManifest.xml:15:22
uses-permission#${applicationId}.permission.C2D_MESSAGE
ADDED from AndroidManifest.xml:17:5
	android:name
		ADDED from AndroidManifest.xml:17:22
		INJECTED from AndroidManifest.xml:0:0
uses-permission#com.google.android.c2dm.permission.RECEIVE
ADDED from AndroidManifest.xml:19:5
	android:name
		ADDED from AndroidManifest.xml:19:22
uses-permission#android.permission.ACCESS_NETWORK_STATE
ADDED from AndroidManifest.xml:21:5
	android:name
		ADDED from AndroidManifest.xml:21:22
uses-permission#android.permission.ACCESS_WIFI_STATE
ADDED from AndroidManifest.xml:22:5
	android:name
		ADDED from AndroidManifest.xml:22:22
uses-permission#android.permission.BLUETOOTH
ADDED from AndroidManifest.xml:23:5
	android:name
		ADDED from AndroidManifest.xml:23:22
application
ADDED from AndroidManifest.xml:27:5
MERGED from com.crashlytics.sdk.android:crashlytics:2.2.3:11:5
MERGED from com.crashlytics.sdk.android:answers:1.1.2:9:5
MERGED from io.fabric.sdk.android:fabric:1.3.0:9:5
MERGED from io.fabric.sdk.android:fabric:1.3.0:9:5
MERGED from com.crashlytics.sdk.android:beta:1.1.2:9:5
MERGED from io.fabric.sdk.android:fabric:1.3.0:9:5
MERGED from com.android.support:appcompat-v7:21.0.3:16:5
MERGED from com.android.support:support-v4:21.0.3:16:5
MERGED from com.android.support:recyclerview-v7:21.0.3:17:5
MERGED from com.android.support:support-v4:21.0.3:16:5
MERGED from com.mcxiaoke.volley:library:1.0.7:11:5
MERGED from com.android.support:support-v4:21.0.3:16:5
MERGED from trunk:CastCompanionLibrary:unspecified:release:11:5
MERGED from com.android.support:appcompat-v7:21.0.3:16:5
MERGED from com.android.support:support-v4:21.0.3:16:5
MERGED from com.android.support:mediarouter-v7:21.0.3:16:5
MERGED from com.android.support:appcompat-v7:21.0.3:16:5
MERGED from com.android.support:support-v4:21.0.3:16:5
MERGED from com.google.android.gms:play-services-cast:6.5.87:19:5
MERGED from com.google.android.gms:play-services-base:6.5.87:20:5
MERGED from com.android.support:support-v4:21.0.3:16:5
MERGED from com.google.android.gms:play-services-ads:6.5.87:19:5
MERGED from com.google.android.gms:play-services-base:6.5.87:20:5
MERGED from com.android.support:support-v4:21.0.3:16:5
MERGED from com.facebook.android:facebook-android-sdk:3.23.0:24:5
MERGED from com.android.support:support-v4:21.0.3:16:5
MERGED from com.google.android.gms:play-services-plus:6.5.87:19:5
MERGED from com.google.android.gms:play-services-base:6.5.87:20:5
MERGED from com.android.support:support-v4:21.0.3:16:5
MERGED from com.twitter.sdk.android:twitter:1.4.0:9:5
MERGED from com.twitter.sdk.android:tweet-ui:1.1.0:11:5
MERGED from com.twitter.cobalt:performance-metrics:0.2.0:9:5
MERGED from com.twitter.sdk.android:twitter-core:1.3.2:11:5
MERGED from io.fabric.sdk.android:fabric:1.3.0:9:5
MERGED from io.fabric.sdk.android:fabric:1.3.0:9:5
MERGED from com.android.support:support-v4:21.0.3:16:5
MERGED from com.twitter.sdk.android:twitter-core:1.3.2:11:5
MERGED from io.fabric.sdk.android:fabric:1.3.0:9:5
MERGED from io.fabric.sdk.android:fabric:1.3.0:9:5
MERGED from com.twitter.sdk.android:tweet-composer:0.7.3:11:5
MERGED from io.fabric.sdk.android:fabric:1.3.0:9:5
MERGED from com.twitter.sdk.android:twitter-core:1.3.2:11:5
MERGED from io.fabric.sdk.android:fabric:1.3.0:9:5
MERGED from com.digits.sdk.android:digits:1.4.0:11:5
MERGED from com.twitter.sdk.android:twitter-core:1.3.2:11:5
MERGED from io.fabric.sdk.android:fabric:1.3.0:9:5
MERGED from io.fabric.sdk.android:fabric:1.3.0:9:5
	android:label
		ADDED from AndroidManifest.xml:31:9
	android:allowBackup
		ADDED from AndroidManifest.xml:29:9
	android:icon
		ADDED from AndroidManifest.xml:30:9
	android:theme
		ADDED from AndroidManifest.xml:34:9
	android:hardwareAccelerated
		ADDED from AndroidManifest.xml:32:9
	android:largeHeap
		ADDED from AndroidManifest.xml:33:9
	android:name
		ADDED from AndroidManifest.xml:28:9
meta-data#com.facebook.sdk.ApplicationId
ADDED from AndroidManifest.xml:36:9
	android:name
		ADDED from AndroidManifest.xml:37:13
	android:value
		ADDED from AndroidManifest.xml:38:13
activity#com.facebook.LoginActivity
ADDED from AndroidManifest.xml:40:9
	android:label
		ADDED from AndroidManifest.xml:43:13
	android:configChanges
		ADDED from AndroidManifest.xml:42:13
	android:theme
		ADDED from AndroidManifest.xml:44:13
	android:name
		ADDED from AndroidManifest.xml:41:13
activity#com.ndtv.core.ui.HomeActivity
ADDED from AndroidManifest.xml:46:9
	android:windowSoftInputMode
		ADDED from AndroidManifest.xml:52:13
	android:screenOrientation
		ADDED from AndroidManifest.xml:51:13
	android:label
		ADDED from AndroidManifest.xml:48:13
	android:configChanges
		ADDED from AndroidManifest.xml:50:13
	android:name
		ADDED from AndroidManifest.xml:47:13
	android:launchMode
		ADDED from AndroidManifest.xml:49:13
activity#com.ndtv.core.ui.SplashActivity
ADDED from AndroidManifest.xml:57:9
	android:screenOrientation
		ADDED from AndroidManifest.xml:60:13
	android:label
		ADDED from AndroidManifest.xml:59:13
	android:theme
		ADDED from AndroidManifest.xml:61:13
	android:name
		ADDED from AndroidManifest.xml:58:13
intent-filter#android.intent.action.MAIN+android.intent.category.LAUNCHER
ADDED from AndroidManifest.xml:62:13
action#android.intent.action.MAIN
ADDED from AndroidManifest.xml:63:17
	android:name
		ADDED from AndroidManifest.xml:63:25
category#android.intent.category.LAUNCHER
ADDED from AndroidManifest.xml:65:17
	android:name
		ADDED from AndroidManifest.xml:65:27
activity#com.ndtv.core.livetv.ui.LiveTVPlayActivity
ADDED from AndroidManifest.xml:68:9
	android:label
		ADDED from AndroidManifest.xml:71:13
	android:configChanges
		ADDED from AndroidManifest.xml:70:13
	android:theme
		ADDED from AndroidManifest.xml:72:13
	android:name
		ADDED from AndroidManifest.xml:69:13
meta-data#com.google.android.gms.version
ADDED from AndroidManifest.xml:74:9
MERGED from com.google.android.gms:play-services-base:6.5.87:21:9
MERGED from com.google.android.gms:play-services-base:6.5.87:21:9
MERGED from com.google.android.gms:play-services-base:6.5.87:21:9
	android:name
		ADDED from AndroidManifest.xml:75:13
	android:value
		ADDED from AndroidManifest.xml:76:13
service#com.ndtv.core.sync.SyncService
ADDED from AndroidManifest.xml:78:9
	android:exported
		ADDED from AndroidManifest.xml:80:13
	android:name
		ADDED from AndroidManifest.xml:79:13
service#com.ndtv.core.radio.services.LiveRadioService
ADDED from AndroidManifest.xml:82:9
	android:exported
		ADDED from AndroidManifest.xml:84:13
	android:name
		ADDED from AndroidManifest.xml:83:13
service#com.ndtv.core.radio.services.LiveRadioServiceNewApi
ADDED from AndroidManifest.xml:88:9
	android:exported
		ADDED from AndroidManifest.xml:90:13
	android:name
		ADDED from AndroidManifest.xml:89:13
receiver#com.ndtv.core.newsin60.utility.InAppNotification
ADDED from AndroidManifest.xml:95:9
	android:name
		ADDED from AndroidManifest.xml:95:19
receiver#com.ndtv.core.radio.RadioNotifactionReciever
ADDED from AndroidManifest.xml:96:9
	android:exported
		ADDED from AndroidManifest.xml:98:13
	android:name
		ADDED from AndroidManifest.xml:97:13
intent-filter#com.july.ndtv.action.STOP_SERVICE+com.july.ndtv.launch.SERVICE
ADDED from AndroidManifest.xml:99:13
action#com.july.ndtv.launch.SERVICE
ADDED from AndroidManifest.xml:100:17
	android:name
		ADDED from AndroidManifest.xml:100:25
action#com.july.ndtv.action.STOP_SERVICE
ADDED from AndroidManifest.xml:101:17
	android:name
		ADDED from AndroidManifest.xml:101:25
provider#com.ndtv.core.provider.NewsProvider
ADDED from AndroidManifest.xml:106:9
	android:syncable
		ADDED from AndroidManifest.xml:110:13
	android:exported
		ADDED from AndroidManifest.xml:109:13
	android:authorities
		ADDED from AndroidManifest.xml:108:13
		INJECTED from AndroidManifest.xml:0:0
	android:name
		ADDED from AndroidManifest.xml:107:13
activity#com.rfm.sdk.HTMLBrowserView
ADDED from AndroidManifest.xml:113:9
	android:configChanges
		ADDED from AndroidManifest.xml:115:13
	android:name
		ADDED from AndroidManifest.xml:114:13
activity#com.google.android.gms.ads.AdActivity
ADDED from AndroidManifest.xml:118:9
	android:configChanges
		ADDED from AndroidManifest.xml:120:13
	android:theme
		ADDED from AndroidManifest.xml:121:13
	android:name
		ADDED from AndroidManifest.xml:119:13
activity#com.ndtv.core.video.ui.VideoPlayActivity
ADDED from AndroidManifest.xml:130:9
	android:windowSoftInputMode
		ADDED from AndroidManifest.xml:134:13
	android:label
		ADDED from AndroidManifest.xml:133:13
	android:configChanges
		ADDED from AndroidManifest.xml:132:13
	android:name
		ADDED from AndroidManifest.xml:131:13
receiver#com.ndtv.core.gcm.GcmBroadcastReceiver
ADDED from AndroidManifest.xml:136:9
	android:permission
		ADDED from AndroidManifest.xml:138:13
	android:name
		ADDED from AndroidManifest.xml:137:13
intent-filter#com.google.android.c2dm.intent.RECEIVE+com.ndtv.core
ADDED from AndroidManifest.xml:139:13
action#com.google.android.c2dm.intent.RECEIVE
ADDED from AndroidManifest.xml:140:17
	android:name
		ADDED from AndroidManifest.xml:140:25
category#com.ndtv.core
ADDED from AndroidManifest.xml:141:17
	android:name
		ADDED from AndroidManifest.xml:141:27
service#com.ndtv.core.gcm.GcmIntentService
ADDED from AndroidManifest.xml:145:9
	android:name
		ADDED from AndroidManifest.xml:145:18
activity#com.google.sample.castcompanionlibrary.cast.player.VideoCastControllerActivity
ADDED from AndroidManifest.xml:148:9
	android:screenOrientation
		ADDED from AndroidManifest.xml:153:13
	android:label
		ADDED from AndroidManifest.xml:150:13
	android:parentActivityName
		ADDED from AndroidManifest.xml:152:13
	android:name
		ADDED from AndroidManifest.xml:149:13
	android:launchMode
		ADDED from AndroidManifest.xml:151:13
meta-data#android.support.PARENT_ACTIVITY
ADDED from AndroidManifest.xml:154:13
	android:name
		ADDED from AndroidManifest.xml:155:17
	android:value
		ADDED from AndroidManifest.xml:156:17
intent-filter#android.intent.action.MAIN
ADDED from AndroidManifest.xml:158:13
receiver#com.google.sample.castcompanionlibrary.remotecontrol.VideoIntentReceiver
ADDED from AndroidManifest.xml:162:9
	android:name
		ADDED from AndroidManifest.xml:162:19
intent-filter#android.intent.action.MEDIA_BUTTON+android.media.AUDIO_BECOMING_NOISY+com.google.sample.castcompanionlibrary.action.stop+com.google.sample.castcompanionlibrary.action.toggleplayback
ADDED from AndroidManifest.xml:163:13
action#android.media.AUDIO_BECOMING_NOISY
ADDED from AndroidManifest.xml:164:17
	android:name
		ADDED from AndroidManifest.xml:164:25
action#android.intent.action.MEDIA_BUTTON
ADDED from AndroidManifest.xml:165:17
	android:name
		ADDED from AndroidManifest.xml:165:25
action#com.google.sample.castcompanionlibrary.action.toggleplayback
ADDED from AndroidManifest.xml:166:17
	android:name
		ADDED from AndroidManifest.xml:166:25
action#com.google.sample.castcompanionlibrary.action.stop
ADDED from AndroidManifest.xml:167:17
	android:name
		ADDED from AndroidManifest.xml:167:25
service#com.google.sample.castcompanionlibrary.notification.VideoCastNotificationService
ADDED from AndroidManifest.xml:170:9
	android:exported
		ADDED from AndroidManifest.xml:172:13
	android:name
		ADDED from AndroidManifest.xml:171:13
intent-filter#com.google.sample.castcompanionlibrary.action.notificationvisibility+com.google.sample.castcompanionlibrary.action.stop+com.google.sample.castcompanionlibrary.action.toggleplayback
ADDED from AndroidManifest.xml:173:13
action#com.google.sample.castcompanionlibrary.action.notificationvisibility
ADDED from AndroidManifest.xml:176:17
	android:name
		ADDED from AndroidManifest.xml:176:25
activity#com.ndtv.core.deeplinking.ui.GoogleSearchIndexingActivity
ADDED from AndroidManifest.xml:181:9
	android:name
		ADDED from AndroidManifest.xml:182:13
	android:launchMode
		ADDED from AndroidManifest.xml:183:13
intent-filter#android.intent.action.VIEW+android.intent.category.BROWSABLE+android.intent.category.DEFAULT
ADDED from AndroidManifest.xml:185:13
action#android.intent.action.VIEW
ADDED from AndroidManifest.xml:186:17
	android:name
		ADDED from AndroidManifest.xml:186:25
category#android.intent.category.DEFAULT
ADDED from AndroidManifest.xml:188:17
	android:name
		ADDED from AndroidManifest.xml:188:27
category#android.intent.category.BROWSABLE
ADDED from AndroidManifest.xml:189:17
	android:name
		ADDED from AndroidManifest.xml:189:27
data
ADDED from AndroidManifest.xml:191:17
	android:host
		ADDED from AndroidManifest.xml:193:21
	android:scheme
		ADDED from AndroidManifest.xml:192:21
activity#com.ndtv.core.deeplinking.ui.DeeplinkingActivity
ADDED from AndroidManifest.xml:210:9
	android:configChanges
		ADDED from AndroidManifest.xml:212:13
	android:name
		ADDED from AndroidManifest.xml:211:13
	android:launchMode
		ADDED from AndroidManifest.xml:213:13
intent-filter#android.intent.category.BROWSABLE+android.intent.category.DEFAULT+com.google.android.apps.plus.VIEW_DEEP_LINK
ADDED from AndroidManifest.xml:214:13
action#com.google.android.apps.plus.VIEW_DEEP_LINK
ADDED from AndroidManifest.xml:216:17
	android:name
		ADDED from AndroidManifest.xml:216:25
intent-filter#android.intent.action.VIEW+android.intent.category.DEFAULT
ADDED from AndroidManifest.xml:231:13
meta-data#io.fabric.ApiKey
ADDED from AndroidManifest.xml:238:9
	android:name
		ADDED from AndroidManifest.xml:239:13
	android:value
		ADDED from AndroidManifest.xml:240:13
service#com.google.android.gms.analytics.CampaignTrackingService
ADDED from AndroidManifest.xml:242:9
	android:name
		ADDED from AndroidManifest.xml:242:18
receiver#com.google.android.gms.analytics.CampaignTrackingReceiver
ADDED from AndroidManifest.xml:244:9
	android:exported
		ADDED from AndroidManifest.xml:246:13
	android:name
		ADDED from AndroidManifest.xml:245:13
intent-filter#com.android.vending.INSTALL_REFERRER
ADDED from AndroidManifest.xml:247:13
action#com.android.vending.INSTALL_REFERRER
ADDED from AndroidManifest.xml:248:17
	android:name
		ADDED from AndroidManifest.xml:248:25
uses-sdk
INJECTED from AndroidManifest.xml:0:0 reason: use-sdk injection requested
MERGED from com.crashlytics.sdk.android:crashlytics:2.2.3:7:5
MERGED from com.crashlytics.sdk.android:answers:1.1.2:7:5
MERGED from io.fabric.sdk.android:fabric:1.3.0:7:5
MERGED from io.fabric.sdk.android:fabric:1.3.0:7:5
MERGED from com.crashlytics.sdk.android:beta:1.1.2:7:5
MERGED from io.fabric.sdk.android:fabric:1.3.0:7:5
MERGED from com.android.support:appcompat-v7:21.0.3:15:5
MERGED from com.android.support:support-v4:21.0.3:15:5
MERGED from com.android.support:recyclerview-v7:21.0.3:15:5
MERGED from com.android.support:support-v4:21.0.3:15:5
MERGED from com.mcxiaoke.volley:library:1.0.7:7:5
MERGED from com.android.support:support-v4:21.0.3:15:5
MERGED from trunk:CastCompanionLibrary:unspecified:release:7:5
MERGED from com.android.support:appcompat-v7:21.0.3:15:5
MERGED from com.android.support:support-v4:21.0.3:15:5
MERGED from com.android.support:mediarouter-v7:21.0.3:15:5
MERGED from com.android.support:appcompat-v7:21.0.3:15:5
MERGED from com.android.support:support-v4:21.0.3:15:5
MERGED from com.google.android.gms:play-services-cast:6.5.87:18:5
MERGED from com.google.android.gms:play-services-base:6.5.87:18:5
MERGED from com.android.support:support-v4:21.0.3:15:5
MERGED from com.google.android.gms:play-services-ads:6.5.87:18:5
MERGED from com.google.android.gms:play-services-base:6.5.87:18:5
MERGED from com.android.support:support-v4:21.0.3:15:5
MERGED from com.facebook.android:facebook-android-sdk:3.23.0:20:5
MERGED from com.android.support:support-v4:21.0.3:15:5
MERGED from com.google.android.gms:play-services-plus:6.5.87:18:5
MERGED from com.google.android.gms:play-services-base:6.5.87:18:5
MERGED from com.android.support:support-v4:21.0.3:15:5
MERGED from com.twitter.sdk.android:twitter:1.4.0:7:5
MERGED from com.twitter.sdk.android:tweet-ui:1.1.0:7:5
MERGED from com.twitter.cobalt:performance-metrics:0.2.0:5:5
MERGED from com.twitter.sdk.android:twitter-core:1.3.2:7:5
MERGED from io.fabric.sdk.android:fabric:1.3.0:7:5
MERGED from io.fabric.sdk.android:fabric:1.3.0:7:5
MERGED from com.android.support:support-v4:21.0.3:15:5
MERGED from com.twitter.sdk.android:twitter-core:1.3.2:7:5
MERGED from io.fabric.sdk.android:fabric:1.3.0:7:5
MERGED from io.fabric.sdk.android:fabric:1.3.0:7:5
MERGED from com.twitter.sdk.android:tweet-composer:0.7.3:7:5
MERGED from io.fabric.sdk.android:fabric:1.3.0:7:5
MERGED from com.twitter.sdk.android:twitter-core:1.3.2:7:5
MERGED from io.fabric.sdk.android:fabric:1.3.0:7:5
MERGED from com.digits.sdk.android:digits:1.4.0:7:5
MERGED from com.twitter.sdk.android:twitter-core:1.3.2:7:5
MERGED from io.fabric.sdk.android:fabric:1.3.0:7:5
MERGED from io.fabric.sdk.android:fabric:1.3.0:7:5
	android:targetSdkVersion
		INJECTED from AndroidManifest.xml:0:0
		INJECTED from AndroidManifest.xml:0:0
	android:minSdkVersion
		INJECTED from AndroidManifest.xml:0:0
		INJECTED from AndroidManifest.xml:0:0
activity#android.support.v7.widget.TestActivity
ADDED from com.android.support:recyclerview-v7:21.0.3:18:9
	android:label
		ADDED from com.android.support:recyclerview-v7:21.0.3:18:19
	android:name
		ADDED from com.android.support:recyclerview-v7:21.0.3:18:60
activity#com.twitter.sdk.android.core.identity.OAuthActivity
ADDED from com.twitter.sdk.android:twitter-core:1.3.2:12:9
MERGED from com.twitter.sdk.android:twitter-core:1.3.2:12:9
MERGED from com.twitter.sdk.android:twitter-core:1.3.2:12:9
MERGED from com.twitter.sdk.android:twitter-core:1.3.2:12:9
	android:configChanges
		ADDED from com.twitter.sdk.android:twitter-core:1.3.2:14:13
	android:exported
		ADDED from com.twitter.sdk.android:twitter-core:1.3.2:16:13
	android:excludeFromRecents
		ADDED from com.twitter.sdk.android:twitter-core:1.3.2:15:13
	android:name
		ADDED from com.twitter.sdk.android:twitter-core:1.3.2:13:13
activity#com.twitter.sdk.android.core.identity.ShareEmailActivity
ADDED from com.twitter.sdk.android:twitter-core:1.3.2:17:9
MERGED from com.twitter.sdk.android:twitter-core:1.3.2:17:9
MERGED from com.twitter.sdk.android:twitter-core:1.3.2:17:9
MERGED from com.twitter.sdk.android:twitter-core:1.3.2:17:9
	android:label
		ADDED from com.twitter.sdk.android:twitter-core:1.3.2:23:13
	android:icon
		ADDED from com.twitter.sdk.android:twitter-core:1.3.2:22:13
	android:configChanges
		ADDED from com.twitter.sdk.android:twitter-core:1.3.2:19:13
	android:exported
		ADDED from com.twitter.sdk.android:twitter-core:1.3.2:21:13
	android:excludeFromRecents
		ADDED from com.twitter.sdk.android:twitter-core:1.3.2:20:13
	android:name
		ADDED from com.twitter.sdk.android:twitter-core:1.3.2:18:13
activity#com.digits.sdk.android.PhoneNumberActivity
ADDED from com.digits.sdk.android:digits:1.4.0:12:9
	android:windowSoftInputMode
		ADDED from com.digits.sdk.android:digits:1.4.0:18:13
	android:configChanges
		ADDED from com.digits.sdk.android:digits:1.4.0:14:13
	android:exported
		ADDED from com.digits.sdk.android:digits:1.4.0:16:13
	android:excludeFromRecents
		ADDED from com.digits.sdk.android:digits:1.4.0:15:13
	android:taskAffinity
		ADDED from com.digits.sdk.android:digits:1.4.0:17:13
	android:name
		ADDED from com.digits.sdk.android:digits:1.4.0:13:13
activity#com.digits.sdk.android.ConfirmationCodeActivity
ADDED from com.digits.sdk.android:digits:1.4.0:19:9
	android:windowSoftInputMode
		ADDED from com.digits.sdk.android:digits:1.4.0:25:13
	android:configChanges
		ADDED from com.digits.sdk.android:digits:1.4.0:21:13
	android:exported
		ADDED from com.digits.sdk.android:digits:1.4.0:23:13
	android:excludeFromRecents
		ADDED from com.digits.sdk.android:digits:1.4.0:22:13
	android:taskAffinity
		ADDED from com.digits.sdk.android:digits:1.4.0:24:13
	android:name
		ADDED from com.digits.sdk.android:digits:1.4.0:20:13
activity#com.digits.sdk.android.LoginCodeActivity
ADDED from com.digits.sdk.android:digits:1.4.0:26:9
	android:windowSoftInputMode
		ADDED from com.digits.sdk.android:digits:1.4.0:33:13
	android:configChanges
		ADDED from com.digits.sdk.android:digits:1.4.0:28:13
	android:exported
		ADDED from com.digits.sdk.android:digits:1.4.0:30:13
	android:excludeFromRecents
		ADDED from com.digits.sdk.android:digits:1.4.0:29:13
	android:taskAffinity
		ADDED from com.digits.sdk.android:digits:1.4.0:32:13
	android:name
		ADDED from com.digits.sdk.android:digits:1.4.0:27:13
	android:launchMode
		ADDED from com.digits.sdk.android:digits:1.4.0:31:13
activity#com.digits.sdk.android.PinCodeActivity
ADDED from com.digits.sdk.android:digits:1.4.0:34:9
	android:windowSoftInputMode
		ADDED from com.digits.sdk.android:digits:1.4.0:41:13
	android:configChanges
		ADDED from com.digits.sdk.android:digits:1.4.0:36:13
	android:exported
		ADDED from com.digits.sdk.android:digits:1.4.0:38:13
	android:excludeFromRecents
		ADDED from com.digits.sdk.android:digits:1.4.0:37:13
	android:taskAffinity
		ADDED from com.digits.sdk.android:digits:1.4.0:40:13
	android:name
		ADDED from com.digits.sdk.android:digits:1.4.0:35:13
	android:launchMode
		ADDED from com.digits.sdk.android:digits:1.4.0:39:13
activity#com.digits.sdk.android.FailureActivity
ADDED from com.digits.sdk.android:digits:1.4.0:42:9
	android:configChanges
		ADDED from com.digits.sdk.android:digits:1.4.0:44:13
	android:exported
		ADDED from com.digits.sdk.android:digits:1.4.0:46:13
	android:excludeFromRecents
		ADDED from com.digits.sdk.android:digits:1.4.0:45:13
	android:taskAffinity
		ADDED from com.digits.sdk.android:digits:1.4.0:47:13
	android:name
		ADDED from com.digits.sdk.android:digits:1.4.0:43:13
activity#com.digits.sdk.android.ContactsActivity
ADDED from com.digits.sdk.android:digits:1.4.0:48:9
	android:configChanges
		ADDED from com.digits.sdk.android:digits:1.4.0:50:13
	android:exported
		ADDED from com.digits.sdk.android:digits:1.4.0:52:13
	android:excludeFromRecents
		ADDED from com.digits.sdk.android:digits:1.4.0:51:13
	android:name
		ADDED from com.digits.sdk.android:digits:1.4.0:49:13
activity#com.digits.sdk.android.PhoneNumberActionBarActivity
ADDED from com.digits.sdk.android:digits:1.4.0:53:9
	android:windowSoftInputMode
		ADDED from com.digits.sdk.android:digits:1.4.0:59:13
	android:configChanges
		ADDED from com.digits.sdk.android:digits:1.4.0:55:13
	android:exported
		ADDED from com.digits.sdk.android:digits:1.4.0:57:13
	android:excludeFromRecents
		ADDED from com.digits.sdk.android:digits:1.4.0:56:13
	android:taskAffinity
		ADDED from com.digits.sdk.android:digits:1.4.0:58:13
	android:name
		ADDED from com.digits.sdk.android:digits:1.4.0:54:13
activity#com.digits.sdk.android.ConfirmationCodeActionBarActivity
ADDED from com.digits.sdk.android:digits:1.4.0:60:9
	android:windowSoftInputMode
		ADDED from com.digits.sdk.android:digits:1.4.0:66:13
	android:configChanges
		ADDED from com.digits.sdk.android:digits:1.4.0:62:13
	android:exported
		ADDED from com.digits.sdk.android:digits:1.4.0:64:13
	android:excludeFromRecents
		ADDED from com.digits.sdk.android:digits:1.4.0:63:13
	android:taskAffinity
		ADDED from com.digits.sdk.android:digits:1.4.0:65:13
	android:name
		ADDED from com.digits.sdk.android:digits:1.4.0:61:13
activity#com.digits.sdk.android.LoginCodeActionBarActivity
ADDED from com.digits.sdk.android:digits:1.4.0:67:9
	android:windowSoftInputMode
		ADDED from com.digits.sdk.android:digits:1.4.0:74:13
	android:configChanges
		ADDED from com.digits.sdk.android:digits:1.4.0:69:13
	android:exported
		ADDED from com.digits.sdk.android:digits:1.4.0:71:13
	android:excludeFromRecents
		ADDED from com.digits.sdk.android:digits:1.4.0:70:13
	android:taskAffinity
		ADDED from com.digits.sdk.android:digits:1.4.0:73:13
	android:name
		ADDED from com.digits.sdk.android:digits:1.4.0:68:13
	android:launchMode
		ADDED from com.digits.sdk.android:digits:1.4.0:72:13
activity#com.digits.sdk.android.FailureActionBarActivity
ADDED from com.digits.sdk.android:digits:1.4.0:75:9
	android:configChanges
		ADDED from com.digits.sdk.android:digits:1.4.0:77:13
	android:exported
		ADDED from com.digits.sdk.android:digits:1.4.0:79:13
	android:excludeFromRecents
		ADDED from com.digits.sdk.android:digits:1.4.0:78:13
	android:taskAffinity
		ADDED from com.digits.sdk.android:digits:1.4.0:80:13
	android:name
		ADDED from com.digits.sdk.android:digits:1.4.0:76:13
activity#com.digits.sdk.android.ContactsActionBarActivity
ADDED from com.digits.sdk.android:digits:1.4.0:81:9
	android:configChanges
		ADDED from com.digits.sdk.android:digits:1.4.0:83:13
	android:exported
		ADDED from com.digits.sdk.android:digits:1.4.0:85:13
	android:excludeFromRecents
		ADDED from com.digits.sdk.android:digits:1.4.0:84:13
	android:name
		ADDED from com.digits.sdk.android:digits:1.4.0:82:13
activity#com.digits.sdk.android.PinCodeActionBarActivity
ADDED from com.digits.sdk.android:digits:1.4.0:86:9
	android:windowSoftInputMode
		ADDED from com.digits.sdk.android:digits:1.4.0:93:13
	android:configChanges
		ADDED from com.digits.sdk.android:digits:1.4.0:88:13
	android:exported
		ADDED from com.digits.sdk.android:digits:1.4.0:90:13
	android:excludeFromRecents
		ADDED from com.digits.sdk.android:digits:1.4.0:89:13
	android:taskAffinity
		ADDED from com.digits.sdk.android:digits:1.4.0:92:13
	android:name
		ADDED from com.digits.sdk.android:digits:1.4.0:87:13
	android:launchMode
		ADDED from com.digits.sdk.android:digits:1.4.0:91:13
service#com.digits.sdk.android.ContactsUploadService
ADDED from com.digits.sdk.android:digits:1.4.0:95:9
	android:exported
		ADDED from com.digits.sdk.android:digits:1.4.0:98:13
	android:enabled
		ADDED from com.digits.sdk.android:digits:1.4.0:97:13
	android:name
		ADDED from com.digits.sdk.android:digits:1.4.0:96:13